<?xml version="1.0" encoding="UTF-8"?>
<!-- Generated by org.testng.reporters.JUnitXMLReporter -->
<testsuite hostname="win7-PC" ignored="0" name="Test" tests="3" failures="0" timestamp="12 Nov 2018 02:12:39 GMT" time="42.862" errors="0">
  <testcase name="hotelBooking" time="11.481" classname="com.alayacare.testcases.HotelSearchTest"/>
  <testcase name="verifyIncorrectUserCredentials" time="1.645" classname="com.alayacare.testcases.LoginPageTest"/>
  <testcase name="verifyLogInFuntionality" time="2.912" classname="com.alayacare.testcases.LoginPageTest"/>
</testsuite> <!-- Test -->
